[28-Oct-2015 19:02:14 UTC] PHP Warning:  include(database_class.php): failed to open stream: No such file or directory in /home/ubuntu/workspace/views/addskillview.php on line 2
[28-Oct-2015 19:02:14 UTC] PHP Stack trace:
[28-Oct-2015 19:02:14 UTC] PHP   1. {main}() /home/ubuntu/workspace/views/addskillview.php:0
[28-Oct-2015 19:02:14 UTC] PHP Warning:  include(): Failed opening 'database_class.php' for inclusion (include_path='.:/usr/share/php:/usr/share/pear') in /home/ubuntu/workspace/views/addskillview.php on line 2
[28-Oct-2015 19:02:14 UTC] PHP Stack trace:
[28-Oct-2015 19:02:14 UTC] PHP   1. {main}() /home/ubuntu/workspace/views/addskillview.php:0
[28-Oct-2015 19:02:50 UTC] PHP Warning:  include(database_class.php): failed to open stream: No such file or directory in /home/ubuntu/workspace/views/addskillview.php on line 2
[28-Oct-2015 19:02:50 UTC] PHP Stack trace:
[28-Oct-2015 19:02:50 UTC] PHP   1. {main}() /home/ubuntu/workspace/views/addskillview.php:0
[28-Oct-2015 19:02:50 UTC] PHP Warning:  include(): Failed opening 'database_class.php' for inclusion (include_path='.:/usr/share/php:/usr/share/pear') in /home/ubuntu/workspace/views/addskillview.php on line 2
[28-Oct-2015 19:02:50 UTC] PHP Stack trace:
[28-Oct-2015 19:02:50 UTC] PHP   1. {main}() /home/ubuntu/workspace/views/addskillview.php:0
[28-Oct-2015 19:30:00 UTC] PHP Warning:  mysql_error() expects parameter 1 to be resource, array given in /home/ubuntu/workspace/views/viewallusers.php on line 16
[28-Oct-2015 19:30:00 UTC] PHP Stack trace:
[28-Oct-2015 19:30:00 UTC] PHP   1. {main}() /home/ubuntu/workspace/views/viewallusers.php:0
[28-Oct-2015 19:30:00 UTC] PHP   2. mysql_error() /home/ubuntu/workspace/views/viewallusers.php:16
[28-Oct-2015 19:30:08 UTC] PHP Warning:  mysql_error() expects parameter 1 to be resource, array given in /home/ubuntu/workspace/views/viewallusers.php on line 16
[28-Oct-2015 19:30:08 UTC] PHP Stack trace:
[28-Oct-2015 19:30:08 UTC] PHP   1. {main}() /home/ubuntu/workspace/views/viewallusers.php:0
[28-Oct-2015 19:30:08 UTC] PHP   2. mysql_error() /home/ubuntu/workspace/views/viewallusers.php:16
[28-Oct-2015 19:34:18 UTC] PHP Warning:  mysql_error() expects parameter 1 to be resource, array given in /home/ubuntu/workspace/views/viewallusers.php on line 16
[28-Oct-2015 19:34:18 UTC] PHP Stack trace:
[28-Oct-2015 19:34:18 UTC] PHP   1. {main}() /home/ubuntu/workspace/views/viewallusers.php:0
[28-Oct-2015 19:34:18 UTC] PHP   2. mysql_error() /home/ubuntu/workspace/views/viewallusers.php:16
[28-Oct-2015 19:46:18 UTC] PHP Warning:  mysql_error() expects parameter 1 to be resource, array given in /home/ubuntu/workspace/views/viewallusers.php on line 16
[28-Oct-2015 19:46:18 UTC] PHP Stack trace:
[28-Oct-2015 19:46:18 UTC] PHP   1. {main}() /home/ubuntu/workspace/views/viewallusers.php:0
[28-Oct-2015 19:46:18 UTC] PHP   2. mysql_error() /home/ubuntu/workspace/views/viewallusers.php:16
[28-Oct-2015 21:36:00 UTC] PHP Warning:  mysql_error() expects parameter 1 to be resource, array given in /home/ubuntu/workspace/views/viewallusers.php on line 16
[28-Oct-2015 21:36:00 UTC] PHP Stack trace:
[28-Oct-2015 21:36:00 UTC] PHP   1. {main}() /home/ubuntu/workspace/views/viewallusers.php:0
[28-Oct-2015 21:36:00 UTC] PHP   2. mysql_error() /home/ubuntu/workspace/views/viewallusers.php:16
[28-Oct-2015 21:43:40 UTC] PHP Warning:  mysql_error() expects parameter 1 to be resource, array given in /home/ubuntu/workspace/views/viewallusers.php on line 16
[28-Oct-2015 21:43:40 UTC] PHP Stack trace:
[28-Oct-2015 21:43:40 UTC] PHP   1. {main}() /home/ubuntu/workspace/views/viewallusers.php:0
[28-Oct-2015 21:43:40 UTC] PHP   2. mysql_error() /home/ubuntu/workspace/views/viewallusers.php:16
[29-Oct-2015 21:30:39 UTC] PHP Warning:  mysql_error() expects parameter 1 to be resource, array given in /home/ubuntu/workspace/views/viewallusers.php on line 16
[29-Oct-2015 21:30:39 UTC] PHP Stack trace:
[29-Oct-2015 21:30:39 UTC] PHP   1. {main}() /home/ubuntu/workspace/views/viewallusers.php:0
[29-Oct-2015 21:30:39 UTC] PHP   2. mysql_error() /home/ubuntu/workspace/views/viewallusers.php:16
[29-Oct-2015 21:31:31 UTC] PHP Warning:  mysql_error() expects parameter 1 to be resource, array given in /home/ubuntu/workspace/views/viewallusers.php on line 16
[29-Oct-2015 21:31:31 UTC] PHP Stack trace:
[29-Oct-2015 21:31:31 UTC] PHP   1. {main}() /home/ubuntu/workspace/views/viewallusers.php:0
[29-Oct-2015 21:31:31 UTC] PHP   2. mysql_error() /home/ubuntu/workspace/views/viewallusers.php:16
